  Final.cpp
C:\Users\Beydu_qn09\source\repos\Project1\Project1\Final.cpp(50,13): warning C4566: character represented by universal-character-name '\u00F6' cannot be represented in the current code page (1251)
C:\Users\Beydu_qn09\source\repos\Project1\Project1\Final.cpp(50,13): warning C4566: character represented by universal-character-name '\u0259' cannot be represented in the current code page (1251)
C:\Users\Beydu_qn09\source\repos\Project1\Project1\Final.cpp(52,13): warning C4566: character represented by universal-character-name '\u0131' cannot be represented in the current code page (1251)
C:\Users\Beydu_qn09\source\repos\Project1\Project1\Final.cpp(54,13): warning C4566: character represented by universal-character-name '\u00E7' cannot be represented in the current code page (1251)
C:\Users\Beydu_qn09\source\repos\Project1\Project1\Final.cpp(56,13): warning C4566: character represented by universal-character-name '\u0130' cannot be represented in the current code page (1251)
C:\Users\Beydu_qn09\source\repos\Project1\Project1\Final.cpp(56,13): warning C4566: character represented by universal-character-name '\u0259' cannot be represented in the current code page (1251)
C:\Users\Beydu_qn09\source\repos\Project1\Project1\Final.cpp(56,13): warning C4566: character represented by universal-character-name '\u00E7' cannot be represented in the current code page (1251)
C:\Users\Beydu_qn09\source\repos\Project1\Project1\Final.cpp(56,13): warning C4566: character represented by universal-character-name '\u0131' cannot be represented in the current code page (1251)
C:\Users\Beydu_qn09\source\repos\Project1\Project1\Final.cpp(60,17): warning C4566: character represented by universal-character-name '\u0259' cannot be represented in the current code page (1251)
C:\Users\Beydu_qn09\source\repos\Project1\Project1\Final.cpp(60,17): warning C4566: character represented by universal-character-name '\u00E7' cannot be represented in the current code page (1251)
C:\Users\Beydu_qn09\source\repos\Project1\Project1\Final.cpp(60,17): warning C4566: character represented by universal-character-name '\u0131' cannot be represented in the current code page (1251)
C:\Users\Beydu_qn09\source\repos\Project1\Project1\Final.cpp(60,17): warning C4566: character represented by universal-character-name '\u00F6' cannot be represented in the current code page (1251)
C:\Users\Beydu_qn09\source\repos\Project1\Project1\Final.cpp(65,13): warning C4566: character represented by universal-character-name '\u015E' cannot be represented in the current code page (1251)
C:\Users\Beydu_qn09\source\repos\Project1\Project1\Final.cpp(65,13): warning C4566: character represented by universal-character-name '\u0259' cannot be represented in the current code page (1251)
C:\Users\Beydu_qn09\source\repos\Project1\Project1\Final.cpp(70,13): warning C4566: character represented by universal-character-name '\u011F' cannot be represented in the current code page (1251)
C:\Users\Beydu_qn09\source\repos\Project1\Project1\Final.cpp(70,13): warning C4566: character represented by universal-character-name '\u0131' cannot be represented in the current code page (1251)
C:\Users\Beydu_qn09\source\repos\Project1\Project1\Final.cpp(75,13): warning C4566: character represented by universal-character-name '\u0130' cannot be represented in the current code page (1251)
C:\Users\Beydu_qn09\source\repos\Project1\Project1\Final.cpp(75,13): warning C4566: character represented by universal-character-name '\u0259' cannot be represented in the current code page (1251)
C:\Users\Beydu_qn09\source\repos\Project1\Project1\Final.cpp(75,13): warning C4566: character represented by universal-character-name '\u00E7' cannot be represented in the current code page (1251)
C:\Users\Beydu_qn09\source\repos\Project1\Project1\Final.cpp(75,13): warning C4566: character represented by universal-character-name '\u0131' cannot be represented in the current code page (1251)
C:\Users\Beydu_qn09\source\repos\Project1\Project1\Final.cpp(77,13): warning C4566: character represented by universal-character-name '\u015E' cannot be represented in the current code page (1251)
C:\Users\Beydu_qn09\source\repos\Project1\Project1\Final.cpp(77,13): warning C4566: character represented by universal-character-name '\u0259' cannot be represented in the current code page (1251)
C:\Users\Beydu_qn09\source\repos\Project1\Project1\Final.cpp(83,21): warning C4566: character represented by universal-character-name '\u015F' cannot be represented in the current code page (1251)
C:\Users\Beydu_qn09\source\repos\Project1\Project1\Final.cpp(83,21): warning C4566: character represented by universal-character-name '\u011F' cannot be represented in the current code page (1251)
C:\Users\Beydu_qn09\source\repos\Project1\Project1\Final.cpp(83,21): warning C4566: character represented by universal-character-name '\u0259' cannot be represented in the current code page (1251)
C:\Users\Beydu_qn09\source\repos\Project1\Project1\Final.cpp(88,13): warning C4566: character represented by universal-character-name '\u0131' cannot be represented in the current code page (1251)
C:\Users\Beydu_qn09\source\repos\Project1\Project1\Final.cpp(88,13): warning C4566: character represented by universal-character-name '\u015F' cannot be represented in the current code page (1251)
C:\Users\Beydu_qn09\source\repos\Project1\Project1\Final.cpp(88,13): warning C4566: character represented by universal-character-name '\u0259' cannot be represented in the current code page (1251)
C:\Users\Beydu_qn09\source\repos\Project1\Project1\Final.cpp(88,13): warning C4566: character represented by universal-character-name '\u00E7' cannot be represented in the current code page (1251)
C:\Users\Beydu_qn09\source\repos\Project1\Project1\Final.cpp(97,13): warning C4566: character represented by universal-character-name '\u0259' cannot be represented in the current code page (1251)
C:\Users\Beydu_qn09\source\repos\Project1\Project1\Final.cpp(100,13): warning C4566: character represented by universal-character-name '\u011F' cannot be represented in the current code page (1251)
C:\Users\Beydu_qn09\source\repos\Project1\Project1\Final.cpp(100,13): warning C4566: character represented by universal-character-name '\u0131' cannot be represented in the current code page (1251)
C:\Users\Beydu_qn09\source\repos\Project1\Project1\Final.cpp(103,13): warning C4566: character represented by universal-character-name '\u0131' cannot be represented in the current code page (1251)
C:\Users\Beydu_qn09\source\repos\Project1\Project1\Final.cpp(112,13): warning C4566: character represented by universal-character-name '\u011F' cannot be represented in the current code page (1251)
C:\Users\Beydu_qn09\source\repos\Project1\Project1\Final.cpp(112,13): warning C4566: character represented by universal-character-name '\u0259' cannot be represented in the current code page (1251)
C:\Users\Beydu_qn09\source\repos\Project1\Project1\Final.cpp(117,19): warning C4566: character represented by universal-character-name '\u0259' cannot be represented in the current code page (1251)
C:\Users\Beydu_qn09\source\repos\Project1\Project1\Final.cpp(118,15): warning C4566: character represented by universal-character-name '\u00FC' cannot be represented in the current code page (1251)
C:\Users\Beydu_qn09\source\repos\Project1\Project1\Final.cpp(118,15): warning C4566: character represented by universal-character-name '\u0259' cannot be represented in the current code page (1251)
C:\Users\Beydu_qn09\source\repos\Project1\Project1\Final.cpp(125,15): warning C4566: character represented by universal-character-name '\u00FC' cannot be represented in the current code page (1251)
C:\Users\Beydu_qn09\source\repos\Project1\Project1\Final.cpp(125,15): warning C4566: character represented by universal-character-name '\u0259' cannot be represented in the current code page (1251)
C:\Users\Beydu_qn09\source\repos\Project1\Project1\Final.cpp(125,15): warning C4566: character represented by universal-character-name '\u00F6' cannot be represented in the current code page (1251)
C:\Users\Beydu_qn09\source\repos\Project1\Project1\Final.cpp(125,15): warning C4566: character represented by universal-character-name '\u00E7' cannot be represented in the current code page (1251)
C:\Users\Beydu_qn09\source\repos\Project1\Project1\Final.cpp(125,15): warning C4566: character represented by universal-character-name '\u0131' cannot be represented in the current code page (1251)
C:\Users\Beydu_qn09\source\repos\Project1\Project1\Final.cpp(133,15): warning C4566: character represented by universal-character-name '\u0131' cannot be represented in the current code page (1251)
C:\Users\Beydu_qn09\source\repos\Project1\Project1\Final.cpp(133,15): warning C4566: character represented by universal-character-name '\u015F' cannot be represented in the current code page (1251)
C:\Users\Beydu_qn09\source\repos\Project1\Project1\Final.cpp(133,15): warning C4566: character represented by universal-character-name '\u011F' cannot be represented in the current code page (1251)
C:\Users\Beydu_qn09\source\repos\Project1\Project1\Final.cpp(133,15): warning C4566: character represented by universal-character-name '\u0259' cannot be represented in the current code page (1251)
C:\Users\Beydu_qn09\source\repos\Project1\Project1\Final.cpp(133,15): warning C4566: character represented by universal-character-name '\u00B3' cannot be represented in the current code page (1251)
C:\Users\Beydu_qn09\source\repos\Project1\Project1\Final.cpp(133,15): warning C4566: character represented by universal-character-name '\u018F' cannot be represented in the current code page (1251)
C:\Users\Beydu_qn09\source\repos\Project1\Project1\Final.cpp(134,24): warning C4566: character represented by universal-character-name '\u00B3' cannot be represented in the current code page (1251)
C:\Users\Beydu_qn09\source\repos\Project1\Project1\Final.cpp(135,20): warning C4566: character represented by universal-character-name '\u00B3' cannot be represented in the current code page (1251)
C:\Users\Beydu_qn09\source\repos\Project1\Project1\Final.cpp(135,29): warning C4566: character represented by universal-character-name '\u00B3' cannot be represented in the current code page (1251)
C:\Users\Beydu_qn09\source\repos\Project1\Project1\Final.cpp(135,38): warning C4566: character represented by universal-character-name '\u00B3' cannot be represented in the current code page (1251)
C:\Users\Beydu_qn09\source\repos\Project1\Project1\Final.cpp(135,47): warning C4566: character represented by universal-character-name '\u00B3' cannot be represented in the current code page (1251)
C:\Users\Beydu_qn09\source\repos\Project1\Project1\Final.cpp(141,15): warning C4566: character represented by universal-character-name '\u015F' cannot be represented in the current code page (1251)
C:\Users\Beydu_qn09\source\repos\Project1\Project1\Final.cpp(141,15): warning C4566: character represented by universal-character-name '\u0131' cannot be represented in the current code page (1251)
C:\Users\Beydu_qn09\source\repos\Project1\Project1\Final.cpp(141,15): warning C4566: character represented by universal-character-name '\u00FC' cannot be represented in the current code page (1251)
C:\Users\Beydu_qn09\source\repos\Project1\Project1\Final.cpp(141,15): warning C4566: character represented by universal-character-name '\u0259' cannot be represented in the current code page (1251)
C:\Users\Beydu_qn09\source\repos\Project1\Project1\Final.cpp(141,15): warning C4566: character represented by universal-character-name '\u015E' cannot be represented in the current code page (1251)
C:\Users\Beydu_qn09\source\repos\Project1\Project1\Final.cpp(141,15): warning C4566: character represented by universal-character-name '\u00E7' cannot be represented in the current code page (1251)
C:\Users\Beydu_qn09\source\repos\Project1\Project1\Final.cpp(143,34): warning C4566: character represented by universal-character-name '\u015E' cannot be represented in the current code page (1251)
C:\Users\Beydu_qn09\source\repos\Project1\Project1\Final.cpp(143,34): warning C4566: character represented by universal-character-name '\u00FC' cannot be represented in the current code page (1251)
C:\Users\Beydu_qn09\source\repos\Project1\Project1\Final.cpp(143,34): warning C4566: character represented by universal-character-name '\u015F' cannot be represented in the current code page (1251)
C:\Users\Beydu_qn09\source\repos\Project1\Project1\Final.cpp(143,34): warning C4566: character represented by universal-character-name '\u0259' cannot be represented in the current code page (1251)
C:\Users\Beydu_qn09\source\repos\Project1\Project1\Final.cpp(149,15): warning C4566: character represented by universal-character-name '\u0259' cannot be represented in the current code page (1251)
C:\Users\Beydu_qn09\source\repos\Project1\Project1\Final.cpp(149,15): warning C4566: character represented by universal-character-name '\u0131' cannot be represented in the current code page (1251)
C:\Users\Beydu_qn09\source\repos\Project1\Project1\Final.cpp(149,15): warning C4566: character represented by universal-character-name '\u00FC' cannot be represented in the current code page (1251)
C:\Users\Beydu_qn09\source\repos\Project1\Project1\Final.cpp(150,24): warning C4566: character represented by universal-character-name '\u0259' cannot be represented in the current code page (1251)
C:\Users\Beydu_qn09\source\repos\Project1\Project1\Final.cpp(150,24): warning C4566: character represented by universal-character-name '\u0131' cannot be represented in the current code page (1251)
C:\Users\Beydu_qn09\source\repos\Project1\Project1\Final.cpp(151,20): warning C4566: character represented by universal-character-name '\u011F' cannot be represented in the current code page (1251)
C:\Users\Beydu_qn09\source\repos\Project1\Project1\Final.cpp(151,20): warning C4566: character represented by universal-character-name '\u0259' cannot be represented in the current code page (1251)
C:\Users\Beydu_qn09\source\repos\Project1\Project1\Final.cpp(151,20): warning C4566: character represented by universal-character-name '\u0131' cannot be represented in the current code page (1251)
C:\Users\Beydu_qn09\source\repos\Project1\Project1\Final.cpp(151,46): warning C4566: character represented by universal-character-name '\u0259' cannot be represented in the current code page (1251)
C:\Users\Beydu_qn09\source\repos\Project1\Project1\Final.cpp(151,46): warning C4566: character represented by universal-character-name '\u0131' cannot be represented in the current code page (1251)
C:\Users\Beydu_qn09\source\repos\Project1\Project1\Final.cpp(151,71): warning C4566: character represented by universal-character-name '\u0259' cannot be represented in the current code page (1251)
C:\Users\Beydu_qn09\source\repos\Project1\Project1\Final.cpp(151,98): warning C4566: character represented by universal-character-name '\u0259' cannot be represented in the current code page (1251)
C:\Users\Beydu_qn09\source\repos\Project1\Project1\Final.cpp(151,98): warning C4566: character represented by universal-character-name '\u011F' cannot be represented in the current code page (1251)
C:\Users\Beydu_qn09\source\repos\Project1\Project1\Final.cpp(154,13): warning C4566: character represented by universal-character-name '\u0131' cannot be represented in the current code page (1251)
C:\Users\Beydu_qn09\source\repos\Project1\Project1\Final.cpp(154,13): warning C4566: character represented by universal-character-name '\u011F' cannot be represented in the current code page (1251)
C:\Users\Beydu_qn09\source\repos\Project1\Project1\Final.cpp(154,13): warning C4566: character represented by universal-character-name '\u0259' cannot be represented in the current code page (1251)
C:\Users\Beydu_qn09\source\repos\Project1\Project1\Final.cpp(159,17): warning C4566: character represented by universal-character-name '\u0131' cannot be represented in the current code page (1251)
C:\Users\Beydu_qn09\source\repos\Project1\Project1\Final.cpp(159,17): warning C4566: character represented by universal-character-name '\u00F6' cannot be represented in the current code page (1251)
C:\Users\Beydu_qn09\source\repos\Project1\Project1\Final.cpp(171,17): warning C4566: character represented by universal-character-name '\u0131' cannot be represented in the current code page (1251)
C:\Users\Beydu_qn09\source\repos\Project1\Project1\Final.cpp(171,17): warning C4566: character represented by universal-character-name '\u00E7' cannot be represented in the current code page (1251)
C:\Users\Beydu_qn09\source\repos\Project1\Project1\Final.cpp(178,21): warning C4566: character represented by universal-character-name '\u0131' cannot be represented in the current code page (1251)
C:\Users\Beydu_qn09\source\repos\Project1\Project1\Final.cpp(178,21): warning C4566: character represented by universal-character-name '\u015F' cannot be represented in the current code page (1251)
C:\Users\Beydu_qn09\source\repos\Project1\Project1\Final.cpp(182,13): warning C4566: character represented by universal-character-name '\u0259' cannot be represented in the current code page (1251)
C:\Users\Beydu_qn09\source\repos\Project1\Project1\Final.cpp(187,13): warning C4566: character represented by universal-character-name '\u0259' cannot be represented in the current code page (1251)
C:\Users\Beydu_qn09\source\repos\Project1\Project1\Final.cpp(187,13): warning C4566: character represented by universal-character-name '\u00E7' cannot be represented in the current code page (1251)
C:\Users\Beydu_qn09\source\repos\Project1\Project1\Final.cpp(187,13): warning C4566: character represented by universal-character-name '\u0131' cannot be represented in the current code page (1251)
C:\Users\Beydu_qn09\source\repos\Project1\Project1\Final.cpp(189,13): warning C4566: character represented by universal-character-name '\u015F' cannot be represented in the current code page (1251)
C:\Users\Beydu_qn09\source\repos\Project1\Project1\Final.cpp(189,13): warning C4566: character represented by universal-character-name '\u0259' cannot be represented in the current code page (1251)
C:\Users\Beydu_qn09\source\repos\Project1\Project1\Final.cpp(193,17): warning C4566: character represented by universal-character-name '\u0259' cannot be represented in the current code page (1251)
C:\Users\Beydu_qn09\source\repos\Project1\Project1\Final.cpp(195,21): warning C4566: character represented by universal-character-name '\u0259' cannot be represented in the current code page (1251)
C:\Users\Beydu_qn09\source\repos\Project1\Project1\Final.cpp(196,21): warning C4566: character represented by universal-character-name '\u0131' cannot be represented in the current code page (1251)
C:\Users\Beydu_qn09\source\repos\Project1\Project1\Final.cpp(196,21): warning C4566: character represented by universal-character-name '\u0259' cannot be represented in the current code page (1251)
C:\Users\Beydu_qn09\source\repos\Project1\Project1\Final.cpp(197,21): warning C4566: character represented by universal-character-name '\u0130' cannot be represented in the current code page (1251)
C:\Users\Beydu_qn09\source\repos\Project1\Project1\Final.cpp(197,21): warning C4566: character represented by universal-character-name '\u0259' cannot be represented in the current code page (1251)
C:\Users\Beydu_qn09\source\repos\Project1\Project1\Final.cpp(197,21): warning C4566: character represented by universal-character-name '\u00E7' cannot be represented in the current code page (1251)
C:\Users\Beydu_qn09\source\repos\Project1\Project1\Final.cpp(197,21): warning C4566: character represented by universal-character-name '\u00F6' cannot be represented in the current code page (1251)
C:\Users\Beydu_qn09\source\repos\Project1\Project1\Final.cpp(198,21): warning C4566: character represented by universal-character-name '\u00C7' cannot be represented in the current code page (1251)
C:\Users\Beydu_qn09\source\repos\Project1\Project1\Final.cpp(198,21): warning C4566: character represented by universal-character-name '\u0131' cannot be represented in the current code page (1251)
C:\Users\Beydu_qn09\source\repos\Project1\Project1\Final.cpp(198,21): warning C4566: character represented by universal-character-name '\u015F' cannot be represented in the current code page (1251)
C:\Users\Beydu_qn09\source\repos\Project1\Project1\Final.cpp(200,21): warning C4566: character represented by universal-character-name '\u00E7' cannot be represented in the current code page (1251)
C:\Users\Beydu_qn09\source\repos\Project1\Project1\Final.cpp(210,29): warning C4566: character represented by universal-character-name '\u0130' cannot be represented in the current code page (1251)
C:\Users\Beydu_qn09\source\repos\Project1\Project1\Final.cpp(210,29): warning C4566: character represented by universal-character-name '\u0259' cannot be represented in the current code page (1251)
C:\Users\Beydu_qn09\source\repos\Project1\Project1\Final.cpp(210,29): warning C4566: character represented by universal-character-name '\u00E7' cannot be represented in the current code page (1251)
C:\Users\Beydu_qn09\source\repos\Project1\Project1\Final.cpp(217,25): warning C4566: character represented by universal-character-name '\u0131' cannot be represented in the current code page (1251)
C:\Users\Beydu_qn09\source\repos\Project1\Project1\Final.cpp(217,25): warning C4566: character represented by universal-character-name '\u015F' cannot be represented in the current code page (1251)
C:\Users\Beydu_qn09\source\repos\Project1\Project1\Final.cpp(217,25): warning C4566: character represented by universal-character-name '\u00E7' cannot be represented in the current code page (1251)
C:\Users\Beydu_qn09\source\repos\Project1\Project1\Final.cpp(217,25): warning C4566: character represented by universal-character-name '\u0259' cannot be represented in the current code page (1251)
C:\Users\Beydu_qn09\source\repos\Project1\Project1\Final.cpp(222,17): warning C4566: character represented by universal-character-name '\u0131' cannot be represented in the current code page (1251)
C:\Users\Beydu_qn09\source\repos\Project1\Project1\Final.cpp(222,17): warning C4566: character represented by universal-character-name '\u015F' cannot be represented in the current code page (1251)
C:\Users\Beydu_qn09\source\repos\Project1\Project1\Final.cpp(222,17): warning C4566: character represented by universal-character-name '\u0259' cannot be represented in the current code page (1251)
  Project1.vcxproj -> C:\Users\Beydu_qn09\source\repos\Project1\x64\Debug\Project1.exe
